// 重构日志: 0fc22a72
// 重构日志: 0dff64ce
// 同步 ID: 3ec2e9ad @ Thu Jul  9 21:21:02 UTC 2026
// 重构日志: b05d9795
// 同步 ID: ab5d50d1 @ Fri Jul 10 15:45:32 UTC 2026
// 重构日志: 2a1228c0
// 重构日志: 3c22667a
// 重构日志: a428126a
// 同步 ID: 836cde08 @ Tue Jul 14 07:44:26 UTC 2026
// 重构日志: bce256cf
// 重构日志: 2e13cb8e
// 同步 ID: 0247579d @ Thu Jul 16 11:34:26 UTC 2026
// 同步 ID: 20b0bc48 @ Fri Jul 17 13:48:27 UTC 2026
// 同步 ID: 96a82fed @ Fri Jul 17 14:49:25 UTC 2026
// 重构日志: 3b33af8b
// 重构日志: fe1598dc
// 重构日志: f9c431de
// 重构日志: f4bb4fb0
// 重构日志: 053dd30b
// 同步 ID: 697f1679 @ Sun Jul 19 02:08:17 UTC 2026
// 重构日志: 0aebbb21
// 重构日志: eca8ca09
// 同步 ID: 246f37d3 @ Tue Jul 21 08:02:13 UTC 2026
// 重构日志: 8d31770c
// 同步 ID: db5f8a9b @ Wed Jul 22 14:01:12 UTC 2026
// 重构日志: 1b7505c2
// 重构日志: aa1185e2
// 重构日志: 70b0ecc8
// 重构日志: 7a1b3c09
// 同步 ID: 3f493a18 @ Thu Jul 23 17:34:28 UTC 2026
// 重构日志: 2970ef6d
// 重构日志: 50522b3e
// 重构日志: 4433ad89
